This is pdfTeX, Version 3.14159265-2.6-1.40.20 (MiKTeX 2.9.7140 64-bit) (preloaded format=pdflatex 2019.9.15)  18 MAR 2020 11:35
entering extended mode
**./report.tex
(report.tex
LaTeX2e <2018-12-01>
("D:\UCLA\Latex\MiKTeX 2.9\tex/latex/base\article.cls"
Document Class: article 2018/09/03 v1.4i Standard LaTeX document class
("D:\UCLA\Latex\MiKTeX 2.9\tex/latex/base\fleqn.clo"
File: fleqn.clo 2016/12/29 v1.2b Standard LaTeX option (flush left equations)
\mathindent=\dimen102
Applying: [2015/01/01] Make \[ robust on input line 50.
LaTeX Info: Redefining \[ on input line 51.
Already applied: [0000/00/00] Make \[ robust on input line 62.
Applying: [2015/01/01] Make \] robust on input line 74.
LaTeX Info: Redefining \] on input line 75.
Already applied: [0000/00/00] Make \] robust on input line 83.
)
("D:\UCLA\Latex\MiKTeX 2.9\tex/latex/base\size12.clo"
File: size12.clo 2018/09/03 v1.4i Standard LaTeX file (size option)
)
\c@part=\count80
\c@section=\count81
\c@subsection=\count82
\c@subsubsection=\count83
\c@paragraph=\count84
\c@subparagraph=\count85
\c@figure=\count86
\c@table=\count87
\abovecaptionskip=\skip41
\belowcaptionskip=\skip42
\bibindent=\dimen103
)
("D:\UCLA\Latex\MiKTeX 2.9\tex/latex/geometry\geometry.sty"
Package: geometry 2018/04/16 v5.8 Page Geometry

("D:\UCLA\Latex\MiKTeX 2.9\tex/latex/graphics\keyval.sty"
Package: keyval 2014/10/28 v1.15 key=value parser (DPC)
\KV@toks@=\toks14
)
("D:\UCLA\Latex\MiKTeX 2.9\tex/generic/oberdiek\ifpdf.sty"
Package: ifpdf 2018/09/07 v3.3 Provides the ifpdf switch
)
("D:\UCLA\Latex\MiKTeX 2.9\tex/generic/oberdiek\ifvtex.sty"
Package: ifvtex 2016/05/16 v1.6 Detect VTeX and its facilities (HO)
Package ifvtex Info: VTeX not detected.
)
("D:\UCLA\Latex\MiKTeX 2.9\tex/generic/ifxetex\ifxetex.sty"
Package: ifxetex 2010/09/12 v0.6 Provides ifxetex conditional
)
\Gm@cnth=\count88
\Gm@cntv=\count89
\c@Gm@tempcnt=\count90
\Gm@bindingoffset=\dimen104
\Gm@wd@mp=\dimen105
\Gm@odd@mp=\dimen106
\Gm@even@mp=\dimen107
\Gm@layoutwidth=\dimen108
\Gm@layoutheight=\dimen109
\Gm@layouthoffset=\dimen110
\Gm@layoutvoffset=\dimen111
\Gm@dimlist=\toks15

("D:\UCLA\Latex\MiKTeX 2.9\tex/latex/geometry\geometry.cfg"))
("D:\UCLA\Latex\MiKTeX 2.9\tex/latex/amsmath\amsmath.sty"
Package: amsmath 2018/12/01 v2.17b AMS math features
\@mathmargin=\skip43

For additional information on amsmath, use the `?' option.
("D:\UCLA\Latex\MiKTeX 2.9\tex/latex/amsmath\amstext.sty"
Package: amstext 2000/06/29 v2.01 AMS text

("D:\UCLA\Latex\MiKTeX 2.9\tex/latex/amsmath\amsgen.sty"
File: amsgen.sty 1999/11/30 v2.0 generic functions
\@emptytoks=\toks16
\ex@=\dimen112
))
("D:\UCLA\Latex\MiKTeX 2.9\tex/latex/amsmath\amsbsy.sty"
Package: amsbsy 1999/11/29 v1.2d Bold Symbols
\pmbraise@=\dimen113
)
("D:\UCLA\Latex\MiKTeX 2.9\tex/latex/amsmath\amsopn.sty"
Package: amsopn 2016/03/08 v2.02 operator names
)
\inf@bad=\count91
LaTeX Info: Redefining \frac on input line 223.
\uproot@=\count92
\leftroot@=\count93
LaTeX Info: Redefining \overline on input line 385.
\classnum@=\count94
\DOTSCASE@=\count95
LaTeX Info: Redefining \ldots on input line 482.
LaTeX Info: Redefining \dots on input line 485.
LaTeX Info: Redefining \cdots on input line 606.
\Mathstrutbox@=\box27
\strutbox@=\box28
\big@size=\dimen114
LaTeX Font Info:    Redeclaring font encoding OML on input line 729.
LaTeX Font Info:    Redeclaring font encoding OMS on input line 730.
\macc@depth=\count96
\c@MaxMatrixCols=\count97
\dotsspace@=\muskip10
\c@parentequation=\count98
\dspbrk@lvl=\count99
\tag@help=\toks17
\row@=\count100
\column@=\count101
\maxfields@=\count102
\andhelp@=\toks18
\eqnshift@=\dimen115
\alignsep@=\dimen116
\tagshift@=\dimen117
\tagwidth@=\dimen118
\totwidth@=\dimen119
\lineht@=\dimen120
\@envbody=\toks19
\multlinegap=\skip44
\multlinetaggap=\skip45
\mathdisplay@stack=\toks20
LaTeX Info: Redefining \[ on input line 2844.
LaTeX Info: Redefining \] on input line 2845.
)
("D:\UCLA\Latex\MiKTeX 2.9\tex/latex/accents\accents.sty"
Package: accents 2006/05/12 v1.4 Math Accent Tools
\cc@skew=\dimen121
\cc@wd=\dimen122
\cc@code=\count103
\cc@group=\count104
\cc@skewchar=\count105
)
("D:\UCLA\Latex\MiKTeX 2.9\tex/latex/etoolbox\etoolbox.sty"
Package: etoolbox 2019/09/21 v2.5h e-TeX tools for LaTeX (JAW)
\etb@tempcnta=\count106
)
("D:\UCLA\Latex\MiKTeX 2.9\tex/latex/graphics\graphicx.sty"
Package: graphicx 2017/06/01 v1.1a Enhanced LaTeX Graphics (DPC,SPQR)

("D:\UCLA\Latex\MiKTeX 2.9\tex/latex/graphics\graphics.sty"
Package: graphics 2017/06/25 v1.2c Standard LaTeX Graphics (DPC,SPQR)

("D:\UCLA\Latex\MiKTeX 2.9\tex/latex/graphics\trig.sty"
Package: trig 2016/01/03 v1.10 sin cos tan (DPC)
)
("D:\UCLA\Latex\MiKTeX 2.9\tex/latex/graphics-cfg\graphics.cfg"
File: graphics.cfg 2016/06/04 v1.11 sample graphics configuration
)
Package graphics Info: Driver file: pdftex.def on input line 99.

("D:\UCLA\Latex\MiKTeX 2.9\tex/latex/graphics-def\pdftex.def"
File: pdftex.def 2018/01/08 v1.0l Graphics/color driver for pdftex
))
\Gin@req@height=\dimen123
\Gin@req@width=\dimen124
)
("D:\UCLA\Latex\MiKTeX 2.9\tex/latex/listings\listings.sty"
\lst@mode=\count107
\lst@gtempboxa=\box29
\lst@token=\toks21
\lst@length=\count108
\lst@currlwidth=\dimen125
\lst@column=\count109
\lst@pos=\count110
\lst@lostspace=\dimen126
\lst@width=\dimen127
\lst@newlines=\count111
\lst@lineno=\count112
\lst@maxwidth=\dimen128

("D:\UCLA\Latex\MiKTeX 2.9\tex/latex/listings\lstmisc.sty"
File: lstmisc.sty 2019/09/10 1.8c (Carsten Heinz)
\c@lstnumber=\count113
\lst@skipnumbers=\count114
\lst@framebox=\box30
)
("D:\UCLA\Latex\MiKTeX 2.9\tex/latex/listings\listings.cfg"
File: listings.cfg 2019/09/10 1.8c listings configuration
))
Package: listings 2019/09/10 1.8c (Carsten Heinz)

("D:\UCLA\Latex\MiKTeX 2.9\tex/latex/graphics\color.sty"
Package: color 2016/07/10 v1.1e Standard LaTeX Color (DPC)

("D:\UCLA\Latex\MiKTeX 2.9\tex/latex/graphics-cfg\color.cfg"
File: color.cfg 2016/01/02 v1.6 sample color configuration
)
Package color Info: Driver file: pdftex.def on input line 147.
)
("D:\UCLA\Latex\MiKTeX 2.9\tex/latex/adjustbox\adjustbox.sty"
Package: adjustbox 2019/01/04 v1.2 Adjusting TeX boxes (trim, clip, ...)

("D:\UCLA\Latex\MiKTeX 2.9\tex/latex/xkeyval\xkeyval.sty"
Package: xkeyval 2014/12/03 v2.7a package option processing (HA)

("D:\UCLA\Latex\MiKTeX 2.9\tex/generic/xkeyval\xkeyval.tex"
("D:\UCLA\Latex\MiKTeX 2.9\tex/generic/xkeyval\xkvutils.tex"
\XKV@toks=\toks22
\XKV@tempa@toks=\toks23
)
\XKV@depth=\count115
File: xkeyval.tex 2014/12/03 v2.7a key=value parser (HA)
))
("D:\UCLA\Latex\MiKTeX 2.9\tex/latex/adjustbox\adjcalc.sty"
Package: adjcalc 2012/05/16 v1.1 Provides advanced setlength with multiple back
-ends (calc, etex, pgfmath)
)
("D:\UCLA\Latex\MiKTeX 2.9\tex/latex/adjustbox\trimclip.sty"
Package: trimclip 2018/04/08 v1.1 Trim and clip general TeX material

("D:\UCLA\Latex\MiKTeX 2.9\tex/latex/collectbox\collectbox.sty"
Package: collectbox 2012/05/17 v0.4b Collect macro arguments as boxes
\collectedbox=\box31
)
\tc@llx=\dimen129
\tc@lly=\dimen130
\tc@urx=\dimen131
\tc@ury=\dimen132
Package trimclip Info: Using driver 'tc-pdftex.def'.

("D:\UCLA\Latex\MiKTeX 2.9\tex/latex/adjustbox\tc-pdftex.def"
File: tc-pdftex.def 2019/01/04 v2.2 Clipping driver for pdftex
))
\adjbox@Width=\dimen133
\adjbox@Height=\dimen134
\adjbox@Depth=\dimen135
\adjbox@Totalheight=\dimen136
\adjbox@pwidth=\dimen137
\adjbox@pheight=\dimen138
\adjbox@pdepth=\dimen139
\adjbox@ptotalheight=\dimen140

("D:\UCLA\Latex\MiKTeX 2.9\tex/latex/ifoddpage\ifoddpage.sty"
Package: ifoddpage 2016/04/23 v1.1 Conditionals for odd/even page detection
\c@checkoddpage=\count116
)
("D:\UCLA\Latex\MiKTeX 2.9\tex/latex/varwidth\varwidth.sty"
Package: varwidth 2009/03/30 ver 0.92;  Variable-width minipages
\@vwid@box=\box32
\sift@deathcycles=\count117
\@vwid@loff=\dimen141
\@vwid@roff=\dimen142
)) (report.aux)
\openout1 = `report.aux'.

LaTeX Font Info:    Checking defaults for OML/cmm/m/it on input line 24.
LaTeX Font Info:    ... okay on input line 24.
LaTeX Font Info:    Checking defaults for T1/cmr/m/n on input line 24.
LaTeX Font Info:    ... okay on input line 24.
LaTeX Font Info:    Checking defaults for OT1/cmr/m/n on input line 24.
LaTeX Font Info:    ... okay on input line 24.
LaTeX Font Info:    Checking defaults for OMS/cmsy/m/n on input line 24.
LaTeX Font Info:    ... okay on input line 24.
LaTeX Font Info:    Checking defaults for OMX/cmex/m/n on input line 24.
LaTeX Font Info:    ... okay on input line 24.
LaTeX Font Info:    Checking defaults for U/cmr/m/n on input line 24.
LaTeX Font Info:    ... okay on input line 24.

*geometry* driver: auto-detecting
*geometry* detected driver: pdftex
*geometry* verbose mode - [ preamble ] result:
* driver: pdftex
* paper: a4paper
* layout: <same size as paper>
* layoutoffset:(h,v)=(0.0pt,0.0pt)
* modes: 
* h-part:(L,W,R)=(72.26999pt, 452.9679pt, 72.26999pt)
* v-part:(T,H,B)=(72.26999pt, 700.50687pt, 72.26999pt)
* \paperwidth=597.50787pt
* \paperheight=845.04684pt
* \textwidth=452.9679pt
* \textheight=700.50687pt
* \oddsidemargin=0.0pt
* \evensidemargin=0.0pt
* \topmargin=-37.0pt
* \headheight=12.0pt
* \headsep=25.0pt
* \topskip=12.0pt
* \footskip=30.0pt
* \marginparwidth=35.0pt
* \marginparsep=10.0pt
* \columnsep=10.0pt
* \skip\footins=10.8pt plus 4.0pt minus 2.0pt
* \hoffset=0.0pt
* \voffset=0.0pt
* \mag=1000
* \@twocolumnfalse
* \@twosidefalse
* \@mparswitchfalse
* \@reversemarginfalse
* (1in=72.27pt=25.4mm, 1cm=28.453pt)

("D:\UCLA\Latex\MiKTeX 2.9\tex/context/base/mkii\supp-pdf.mkii"
[Loading MPS to PDF converter (version 2006.09.02).]
\scratchcounter=\count118
\scratchdimen=\dimen143
\scratchbox=\box33
\nofMPsegments=\count119
\nofMParguments=\count120
\everyMPshowfont=\toks24
\MPscratchCnt=\count121
\MPscratchDim=\dimen144
\MPnumerator=\count122
\makeMPintoPDFobject=\count123
\everyMPtoPDFconversion=\toks25
) ("D:\UCLA\Latex\MiKTeX 2.9\tex/latex/oberdiek\epstopdf-base.sty"
Package: epstopdf-base 2016/05/15 v2.6 Base part for package epstopdf

("D:\UCLA\Latex\MiKTeX 2.9\tex/generic/oberdiek\infwarerr.sty"
Package: infwarerr 2016/05/16 v1.4 Providing info/warning/error messages (HO)
)
("D:\UCLA\Latex\MiKTeX 2.9\tex/latex/oberdiek\grfext.sty"
Package: grfext 2016/05/16 v1.2 Manage graphics extensions (HO)

("D:\UCLA\Latex\MiKTeX 2.9\tex/generic/oberdiek\kvdefinekeys.sty"
Package: kvdefinekeys 2016/05/16 v1.4 Define keys (HO)

("D:\UCLA\Latex\MiKTeX 2.9\tex/generic/oberdiek\ltxcmds.sty"
Package: ltxcmds 2016/05/16 v1.23 LaTeX kernel commands for general use (HO)
)))
("D:\UCLA\Latex\MiKTeX 2.9\tex/latex/oberdiek\kvoptions.sty"
Package: kvoptions 2016/05/16 v3.12 Key value format for package options (HO)

("D:\UCLA\Latex\MiKTeX 2.9\tex/generic/oberdiek\kvsetkeys.sty"
Package: kvsetkeys 2016/05/16 v1.17 Key value parser (HO)

("D:\UCLA\Latex\MiKTeX 2.9\tex/generic/oberdiek\etexcmds.sty"
Package: etexcmds 2016/05/16 v1.6 Avoid name clashes with e-TeX commands (HO)

("D:\UCLA\Latex\MiKTeX 2.9\tex/generic/oberdiek\ifluatex.sty"
Package: ifluatex 2016/05/16 v1.4 Provides the ifluatex switch (HO)
Package ifluatex Info: LuaTeX not detected.
))))
("D:\UCLA\Latex\MiKTeX 2.9\tex/generic/oberdiek\pdftexcmds.sty"
Package: pdftexcmds 2019/07/25 v0.30 Utility functions of pdfTeX for LuaTeX (HO
)
Package pdftexcmds Info: LuaTeX not detected.
Package pdftexcmds Info: \pdf@primitive is available.
Package pdftexcmds Info: \pdf@ifprimitive is available.
Package pdftexcmds Info: \pdfdraftmode found.
)
Package epstopdf-base Info: Redefining graphics rule for `.eps' on input line 4
38.
Package grfext Info: Graphics extension search list:
(grfext)             [.pdf,.png,.jpg,.mps,.jpeg,.jbig2,.jb2,.PDF,.PNG,.JPG,.JPE
G,.JBIG2,.JB2,.eps]
(grfext)             \AppendGraphicsExtensions on input line 456.
)
\c@lstlisting=\count124
 [1

{C:/Users/kcalp/AppData/Local/MiKTeX/2.9/pdftex/config/pdftex.map}]
<"D:/UCLA/Courses/EE 131A/Project/Plots/"01_b.png, id=7, 421.575pt x 316.3017pt
>
File: "D:/UCLA/Courses/EE 131A/Project/Plots/"01_b.png Graphic file (type png)
<use "D:/UCLA/Courses/EE 131A/Project/Plots/"01_b.png>
Package pdftex.def Info: "D:/UCLA/Courses/EE 131A/Project/Plots/"01_b.png  used
 on input line 67.
(pdftex.def)             Requested size: 295.10048pt x 221.40967pt.
 [1 <D:/UCLA/Courses/EE 131A/Project/Plots/01_b.png (PNG copy)>]
<"D:/UCLA/Courses/EE 131A/Project/Plots/"01_c.png, id=20, 421.575pt x 316.3017p
t>
File: "D:/UCLA/Courses/EE 131A/Project/Plots/"01_c.png Graphic file (type png)
<use "D:/UCLA/Courses/EE 131A/Project/Plots/"01_c.png>
Package pdftex.def Info: "D:/UCLA/Courses/EE 131A/Project/Plots/"01_c.png  used
 on input line 101.
(pdftex.def)             Requested size: 295.10048pt x 221.40967pt.
 [2 <D:/UCLA/Courses/EE 131A/Project/Plots/01_c.png (PNG copy)>]
<"D:/UCLA/Courses/EE 131A/Project/Plots/"02_a_pdf.png, id=25, 421.575pt x 316.3
017pt>
File: "D:/UCLA/Courses/EE 131A/Project/Plots/"02_a_pdf.png Graphic file (type p
ng)
<use "D:/UCLA/Courses/EE 131A/Project/Plots/"02_a_pdf.png>
Package pdftex.def Info: "D:/UCLA/Courses/EE 131A/Project/Plots/"02_a_pdf.png  
used on input line 123.
(pdftex.def)             Requested size: 400.49397pt x 300.4849pt.
<"D:/UCLA/Courses/EE 131A/Project/Plots/"02_a_cdf.png, id=26, 421.575pt x 316.3
017pt>
File: "D:/UCLA/Courses/EE 131A/Project/Plots/"02_a_cdf.png Graphic file (type p
ng)
<use "D:/UCLA/Courses/EE 131A/Project/Plots/"02_a_cdf.png>
Package pdftex.def Info: "D:/UCLA/Courses/EE 131A/Project/Plots/"02_a_cdf.png  
used on input line 128.
(pdftex.def)             Requested size: 400.49397pt x 300.4849pt.
 [3 <D:/UCLA/Courses/EE 131A/Project/Plots/02_a_pdf.png (PNG copy)> <D:/UCLA/Co
urses/EE 131A/Project/Plots/02_a_cdf.png (PNG copy)>] [4]
<"D:/UCLA/Courses/EE 131A/Project/Plots/"02_c_pdf.png, id=33, 421.575pt x 316.3
017pt>
File: "D:/UCLA/Courses/EE 131A/Project/Plots/"02_c_pdf.png Graphic file (type p
ng)
<use "D:/UCLA/Courses/EE 131A/Project/Plots/"02_c_pdf.png>
Package pdftex.def Info: "D:/UCLA/Courses/EE 131A/Project/Plots/"02_c_pdf.png  
used on input line 181.
(pdftex.def)             Requested size: 421.57396pt x 316.30092pt.
<"D:/UCLA/Courses/EE 131A/Project/Plots/"02_c_cdf.png, id=34, 421.575pt x 316.3
017pt>
File: "D:/UCLA/Courses/EE 131A/Project/Plots/"02_c_cdf.png Graphic file (type p
ng)
<use "D:/UCLA/Courses/EE 131A/Project/Plots/"02_c_cdf.png>
Package pdftex.def Info: "D:/UCLA/Courses/EE 131A/Project/Plots/"02_c_cdf.png  
used on input line 186.
(pdftex.def)             Requested size: 421.57396pt x 316.30092pt.
 [5 <D:/UCLA/Courses/EE 131A/Project/Plots/02_c_pdf.png (PNG copy)> <D:/UCLA/Co
urses/EE 131A/Project/Plots/02_c_cdf.png (PNG copy)>]
<"D:/UCLA/Courses/EE 131A/Project/Plots/"02_d_a_pdf.png, id=38, 421.575pt x 316
.3017pt>
File: "D:/UCLA/Courses/EE 131A/Project/Plots/"02_d_a_pdf.png Graphic file (type
 png)
<use "D:/UCLA/Courses/EE 131A/Project/Plots/"02_d_a_pdf.png>
Package pdftex.def Info: "D:/UCLA/Courses/EE 131A/Project/Plots/"02_d_a_pdf.png
  used on input line 200.
(pdftex.def)             Requested size: 379.41399pt x 284.66888pt.
<"D:/UCLA/Courses/EE 131A/Project/Plots/"02_d_a_cdf.png, id=39, 421.575pt x 316
.3017pt>
File: "D:/UCLA/Courses/EE 131A/Project/Plots/"02_d_a_cdf.png Graphic file (type
 png)
<use "D:/UCLA/Courses/EE 131A/Project/Plots/"02_d_a_cdf.png>
Package pdftex.def Info: "D:/UCLA/Courses/EE 131A/Project/Plots/"02_d_a_cdf.png
  used on input line 205.
(pdftex.def)             Requested size: 379.41399pt x 284.66888pt.
 [6 <D:/UCLA/Courses/EE 131A/Project/Plots/02_d_a_pdf.png (PNG copy)> <D:/UCLA/
Courses/EE 131A/Project/Plots/02_d_a_cdf.png (PNG copy)>] [7]
<"D:/UCLA/Courses/EE 131A/Project/Plots/"02_d_c_pdf.png, id=47, 421.575pt x 316
.3017pt>
File: "D:/UCLA/Courses/EE 131A/Project/Plots/"02_d_c_pdf.png Graphic file (type
 png)
<use "D:/UCLA/Courses/EE 131A/Project/Plots/"02_d_c_pdf.png>
Package pdftex.def Info: "D:/UCLA/Courses/EE 131A/Project/Plots/"02_d_c_pdf.png
  used on input line 287.
(pdftex.def)             Requested size: 421.57396pt x 316.30092pt.
 [8 <D:/UCLA/Courses/EE 131A/Project/Plots/02_d_c_pdf.png (PNG copy)>]
<"D:/UCLA/Courses/EE 131A/Project/Plots/"02_d_c_cdf.png, id=51, 421.575pt x 316
.3017pt>
File: "D:/UCLA/Courses/EE 131A/Project/Plots/"02_d_c_cdf.png Graphic file (type
 png)
<use "D:/UCLA/Courses/EE 131A/Project/Plots/"02_d_c_cdf.png>
Package pdftex.def Info: "D:/UCLA/Courses/EE 131A/Project/Plots/"02_d_c_cdf.png
  used on input line 296.
(pdftex.def)             Requested size: 421.57396pt x 316.30092pt.
 [9 <D:/UCLA/Courses/EE 131A/Project/Plots/02_d_c_cdf.png (PNG copy)>] [10]
<"D:/UCLA/Courses/EE 131A/Project/Plots/"03_b_scatter.png, id=59, 421.575pt x 3
16.3017pt>
File: "D:/UCLA/Courses/EE 131A/Project/Plots/"03_b_scatter.png Graphic file (ty
pe png)
<use "D:/UCLA/Courses/EE 131A/Project/Plots/"03_b_scatter.png>
Package pdftex.def Info: "D:/UCLA/Courses/EE 131A/Project/Plots/"03_b_scatter.p
ng  used on input line 412.
(pdftex.def)             Requested size: 354.12057pt x 265.6916pt.
 [11 <D:/UCLA/Courses/EE 131A/Project/Plots/03_b_scatter.png (PNG copy)>] [12]
<"D:/UCLA/Courses/EE 131A/Project/Plots/"03_d_scatter.png, id=68, 421.575pt x 3
16.3017pt>
File: "D:/UCLA/Courses/EE 131A/Project/Plots/"03_d_scatter.png Graphic file (ty
pe png)
<use "D:/UCLA/Courses/EE 131A/Project/Plots/"03_d_scatter.png>
Package pdftex.def Info: "D:/UCLA/Courses/EE 131A/Project/Plots/"03_d_scatter.p
ng  used on input line 468.
(pdftex.def)             Requested size: 421.57396pt x 316.30092pt.
 [13 <D:/UCLA/Courses/EE 131A/Project/Plots/03_d_scatter.png (PNG copy)>]
<"D:/UCLA/Courses/EE 131A/Project/Plots/"03_f_scatter.png, id=72, 421.575pt x 3
16.3017pt>
File: "D:/UCLA/Courses/EE 131A/Project/Plots/"03_f_scatter.png Graphic file (ty
pe png)
<use "D:/UCLA/Courses/EE 131A/Project/Plots/"03_f_scatter.png>
Package pdftex.def Info: "D:/UCLA/Courses/EE 131A/Project/Plots/"03_f_scatter.p
ng  used on input line 531.
(pdftex.def)             Requested size: 316.18047pt x 237.22568pt.
 ("D:\UCLA\Latex\MiKTeX 2.9\tex/latex/listings\lstlang1.sty"
File: lstlang1.sty 2019/09/10 1.8c listings language file
) [14 <D:/UCLA/Courses/EE 131A/Project/Plots/03_f_scatter.png (PNG copy)>]
("D:/UCLA/Courses/EE 131A/Project/Code/code.m"
LaTeX Font Info:    Try loading font information for OMS+cmr on input line 5.

("D:\UCLA\Latex\MiKTeX 2.9\tex/latex/base\omscmr.fd"
File: omscmr.fd 2014/09/29 v2.5h Standard LaTeX font definitions
)
LaTeX Font Info:    Font shape `OMS/cmr/m/n' in size <12> not available
(Font)              Font shape `OMS/cmsy/m/n' tried instead on input line 5.
 [15] [16] [17] [18]
[19] [20] [21]
LaTeX Font Info:    Try loading font information for OML+cmr on input line 325.

 ("D:\UCLA\Latex\MiKTeX 2.9\tex/latex/base\omlcmr.fd"
File: omlcmr.fd 2014/09/29 v2.5h Standard LaTeX font definitions
)
LaTeX Font Info:    Font shape `OML/cmr/m/n' in size <12> not available
(Font)              Font shape `OML/cmm/m/it' tried instead on input line 325.
 [22]
[23] [24]) [25] (report.aux) ) 
Here is how much of TeX's memory you used:
 6482 strings out of 492895
 90577 string characters out of 3134871
 487240 words of memory out of 3000000
 10288 multiletter control sequences out of 15000+200000
 10160 words of font info for 37 fonts, out of 3000000 for 9000
 1141 hyphenation exceptions out of 8191
 41i,16n,72p,794b,2116s stack positions out of 5000i,500n,10000p,200000b,50000s
<D:/UCLA/Latex/MiKTeX 2.9/fonts/type1/public/amsf
onts/cm/cmbx12.pfb><D:/UCLA/Latex/MiKTeX 2.9/fonts/type1/public/amsfonts/cm/cme
x10.pfb><D:/UCLA/Latex/MiKTeX 2.9/fonts/type1/public/amsfonts/cmextra/cmex8.pfb
><D:/UCLA/Latex/MiKTeX 2.9/fonts/type1/public/amsfonts/cm/cmmi10.pfb><D:/UCLA/L
atex/MiKTeX 2.9/fonts/type1/public/amsfonts/cm/cmmi12.pfb><D:/UCLA/Latex/MiKTeX
 2.9/fonts/type1/public/amsfonts/cm/cmmi6.pfb><D:/UCLA/Latex/MiKTeX 2.9/fonts/t
ype1/public/amsfonts/cm/cmmi8.pfb><D:/UCLA/Latex/MiKTeX 2.9/fonts/type1/public/
amsfonts/cm/cmr10.pfb><D:/UCLA/Latex/MiKTeX 2.9/fonts/type1/public/amsfonts/cm/
cmr12.pfb><D:/UCLA/Latex/MiKTeX 2.9/fonts/type1/public/amsfonts/cm/cmr17.pfb><D
:/UCLA/Latex/MiKTeX 2.9/fonts/type1/public/amsfonts/cm/cmr6.pfb><D:/UCLA/Latex/
MiKTeX 2.9/fonts/type1/public/amsfonts/cm/cmr8.pfb><D:/UCLA/Latex/MiKTeX 2.9/fo
nts/type1/public/amsfonts/cm/cmsy10.pfb><D:/UCLA/Latex/MiKTeX 2.9/fonts/type1/p
ublic/amsfonts/cm/cmsy8.pfb>
Output written on report.pdf (26 pages, 1884624 bytes).
PDF statistics:
 155 PDF objects out of 1000 (max. 8388607)
 0 named destinations out of 1000 (max. 500000)
 66 words of extra memory for PDF output out of 10000 (max. 10000000)

